<?xml version="1.0" encoding="UTF-8"?>
<!-- Generated by org.testng.reporters.JUnitReportReporter -->
<testsuite hostname="DESKTOP-QS9U2BQ" failures="0" tests="4" name="rough.DP_Test" time="106.665" errors="0" timestamp="2024-03-02T20:39:51 IST" skipped="0">
  <testcase classname="rough.DP_Test" name="facebookLogin" time="32.246"/>
  <testcase classname="rough.DP_Test" name="facebookLogin" time="26.961"/>
  <testcase classname="rough.DP_Test" name="facebookLogin" time="24.648"/>
  <testcase classname="rough.DP_Test" name="facebookLogin" time="22.810"/>
</testsuite> <!-- rough.DP_Test -->
