<?xml version="1.0" encoding="UTF-8"?>
<!-- Generated by org.testng.reporters.JUnitReportReporter -->
<testsuite hostname="DESKTOP-QS9U2BQ" failures="0" tests="6" name="tests.EndToEndTest" time="3.148" errors="0" timestamp="2024-03-30T20:02:45 IST" skipped="1">
  <testcase classname="tests.EndToEndTest" name="loginUserTest" time="2.006"/>
  <testcase classname="tests.EndToEndTest" name="addItemToCartTest" time="0.119"/>
  <testcase classname="tests.EndToEndTest" name="verifyCartDetailsTest" time="0.124"/>
  <testcase classname="tests.EndToEndTest" name="enterCheckOutInfoTest" time="0.756"/>
  <testcase classname="tests.EndToEndTest" name="verifyCheckOutOverviewTest" time="0.141"/>
  <testcase classname="tests.EndToEndTest" name="checkOutConfirmationTest" time="0.002">
    <skipped/>
  </testcase> <!-- checkOutConfirmationTest -->
</testsuite> <!-- tests.EndToEndTest -->
